<?xml version="1.0" encoding="UTF-8"?>
<!-- Generated by org.testng.reporters.JUnitReportReporter -->
<testsuite hostname="MLI01167" failures="0" tests="1" name="TestAutomation.TestingFramework.AppiumTest" time="0.002" errors="0" timestamp="13 Jul 2023 16:31:29 GMT" skipped="0">
  <testcase classname="TestAutomation.TestingFramework.AppiumTest" name="getMethodclass" time="0.002"/>
</testsuite> <!-- TestAutomation.TestingFramework.AppiumTest -->
