<?xml version="1.0" encoding="UTF-8"?>
<!-- Generated by org.testng.reporters.JUnitReportReporter -->
<testsuite hostname="MLI01167" failures="0" tests="3" name="TestAutomation.TestingFramework.MobileTest" time="0.010" errors="0" timestamp="13 Jul 2023 16:47:22 GMT" skipped="0">
  <testcase classname="TestAutomation.TestingFramework.MobileTest" name="getMethodRegression" time="0.006"/>
  <testcase classname="TestAutomation.TestingFramework.MobileTest" name="getMethodSmoke" time="0.002"/>
  <testcase classname="TestAutomation.TestingFramework.MobileTest" name="getMethodvalue" time="0.002"/>
</testsuite> <!-- TestAutomation.TestingFramework.MobileTest -->
