<?xml version="1.0" encoding="UTF-8"?>
<!-- Generated by org.testng.reporters.JUnitReportReporter -->
<testsuite hostname="MLI01167" failures="0" tests="1" name="TestAutomation.TestingFramework.MobileTest" time="0.000" errors="0" timestamp="13 Jul 2023 16:58:50 GMT" skipped="0">
  <testcase classname="TestAutomation.TestingFramework.MobileTest" name="getMethodSmoke" time="0.000"/>
</testsuite> <!-- TestAutomation.TestingFramework.MobileTest -->
