<?xml version="1.0" encoding="UTF-8"?>
<!-- Generated by org.testng.reporters.JUnitReportReporter -->
<testsuite hostname="MLI01167" failures="0" tests="1" name="TestAutomation.TestingFramework.SeleniumTest" time="0.001" errors="0" timestamp="13 Jul 2023 16:58:50 GMT" skipped="0">
  <testcase classname="TestAutomation.TestingFramework.SeleniumTest" name="getMethodSmoke" time="0.001"/>
</testsuite> <!-- TestAutomation.TestingFramework.SeleniumTest -->
